<?xml version="1.0" encoding="UTF-8" standalone="no"?><testsuite errors="1" failures="0" name="Busqueda de pagina de la udea. Como estudiante requiero buscar la pagina oficial de udea para navegar en sitio" skipped="0" tests="1" time="6.16" timestamp="2024-05-22 02:32:00"><testcase name="busqueda sobre el motor de google del sitio oficial"><error message="Unable to find element with locator By.xpath: //*[@name='q']&#10;For documentation on this error, please visit: https://www.selenium.dev/documentation/webdriver/troubleshooting/errors#no-such-element-exception&#10;Build info: version: '4.16.1', revision: '9b4c83354e'&#10;System info: os.name: 'Windows 11', os.arch: 'amd64', os.version: '10.0', java.version: '11.0.22'&#10;Driver info: driver.version: RemoteWebDriver" type="org.openqa.selenium.NoSuchElementException">Unable to find element with locator By.xpath: //*[@name='q']
For documentation on this error, please visit: https://www.selenium.dev/documentation/webdriver/troubleshooting/errors#no-such-element-exception
Build info: version: '4.16.1', revision: '9b4c83354e'
System info: os.name: 'Windows 11', os.arch: 'amd64', os.version: '10.0', java.version: '11.0.22'
Driver info: driver.version: RemoteWebDriver</error><system-err>Unable to find element with locator By.xpath: //*[@name='q']
For documentation on this error, please visit: https://www.selenium.dev/documentation/webdriver/troubleshooting/errors#no-such-element-exception
Build info: version: '4.16.1', revision: '9b4c83354e'
System info: os.name: 'Windows 11', os.arch: 'amd64', os.version: '10.0', java.version: '11.0.22'
Driver info: driver.version: RemoteWebDriver&#13;
co.com.udea.certificacion.autenticacion.interactions.wordToSearch.performAs(wordToSearch.java:17)&#13;
co.com.udea.certificacion.autenticacion.tasks.FindThe.performAs(FindThe.java:11)&#13;
co.com.udea.certificacion.autenticacion.stepdefinitions.FindOutStepDefinition.digiteLaPalabraClave(FindOutStepDefinition.java:46)&#13;
worker.org.gradle.process.internal.worker.GradleWorkerMain.run(GradleWorkerMain.java:69)&#13;
worker.org.gradle.process.internal.worker.GradleWorkerMain.main(GradleWorkerMain.java:74)&#13;
</system-err></testcase></testsuite>